TN:
SF:src\app.ts
FN:18,(anonymous_1)
FN:27,(anonymous_2)
FNF:2
FNH:0
FNDA:0,(anonymous_1)
FNDA:0,(anonymous_2)
DA:1,3
DA:2,3
DA:3,3
DA:4,3
DA:5,3
DA:6,3
DA:8,3
DA:10,3
DA:13,3
DA:14,3
DA:15,3
DA:18,3
DA:19,0
DA:22,3
DA:23,3
DA:24,3
DA:27,3
DA:28,0
DA:29,0
DA:32,3
LF:20
LH:17
BRF:0
BRH:0
end_of_record
TN:
SF:src\middleware\admin.ts
FN:4,(anonymous_0)
FNF:1
FNH:1
FNDA:45,(anonymous_0)
DA:4,3
DA:9,45
DA:10,4
DA:11,4
DA:13,41
LF:5
LH:5
BRDA:9,0,0,4
BRF:1
BRH:1
end_of_record
TN:
SF:src\middleware\auth.ts
FN:13,(anonymous_1)
FNF:1
FNH:1
FNDA:60,(anonymous_1)
DA:2,3
DA:3,3
DA:13,3
DA:18,60
DA:19,60
DA:21,60
DA:22,4
DA:23,4
DA:26,56
DA:32,56
DA:34,56
DA:35,0
DA:36,0
DA:39,56
DA:45,56
DA:47,0
LF:16
LH:13
BRDA:21,0,0,4
BRDA:34,1,0,0
BRF:2
BRH:1
end_of_record
TN:
SF:src\models\Sweet.ts
FNF:0
FNH:0
DA:1,3
DA:12,3
DA:44,3
DA:46,3
LF:4
LH:4
BRF:0
BRH:0
end_of_record
TN:
SF:src\models\User.ts
FN:37,(anonymous_10)
FN:50,(anonymous_11)
FNF:2
FNH:2
FNDA:13,(anonymous_10)
FNDA:2,(anonymous_11)
DA:1,3
DA:2,3
DA:12,3
DA:37,3
DA:38,13
DA:40,13
DA:41,13
DA:42,13
DA:43,13
DA:45,0
DA:50,3
DA:51,2
DA:54,3
LF:13
LH:12
BRDA:38,0,0,0
BRF:1
BRH:0
end_of_record
TN:
SF:src\routes\auth.ts
FN:15,(anonymous_1)
FN:74,(anonymous_2)
FNF:2
FNH:2
FNDA:16,(anonymous_1)
FNDA:4,(anonymous_2)
DA:1,3
DA:2,3
DA:3,3
DA:4,3
DA:6,3
DA:9,3
DA:16,16
DA:17,16
DA:18,16
DA:19,2
DA:20,2
DA:23,14
DA:26,14
DA:27,14
DA:28,1
DA:29,1
DA:33,13
DA:34,13
DA:37,13
DA:43,13
DA:46,13
DA:52,13
DA:62,0
DA:68,3
DA:75,4
DA:76,4
DA:77,4
DA:78,1
DA:79,1
DA:82,3
DA:85,3
DA:86,3
DA:87,1
DA:88,1
DA:92,2
DA:93,2
DA:94,1
DA:95,1
DA:99,1
DA:105,1
DA:115,0
DA:120,3
LF:42
LH:40
BRDA:18,0,0,2
BRDA:27,1,0,1
BRDA:77,2,0,1
BRDA:86,3,0,1
BRDA:93,4,0,1
BRF:5
BRH:5
end_of_record
TN:
SF:src\routes\inventory.ts
FN:16,(anonymous_0)
FN:65,(anonymous_1)
FNF:2
FNH:2
FNDA:7,(anonymous_0)
FNDA:3,(anonymous_1)
DA:1,3
DA:2,3
DA:3,3
DA:4,3
DA:5,3
DA:7,3
DA:10,3
DA:17,7
DA:18,7
DA:19,7
DA:20,0
DA:21,0
DA:24,7
DA:25,7
DA:27,7
DA:29,7
DA:30,1
DA:31,1
DA:34,6
DA:35,2
DA:40,2
DA:43,4
DA:44,4
DA:46,4
DA:52,0
DA:58,3
DA:66,3
DA:67,3
DA:68,3
DA:69,1
DA:70,1
DA:73,2
DA:74,2
DA:76,2
DA:78,2
DA:79,1
DA:80,1
DA:83,1
DA:84,1
DA:86,1
DA:92,0
DA:97,3
LF:42
LH:38
BRDA:19,0,0,0
BRDA:25,1,0,7
BRDA:25,1,1,1
BRDA:29,2,0,1
BRDA:34,3,0,2
BRDA:68,4,0,1
BRDA:78,5,0,1
BRF:7
BRH:6
end_of_record
TN:
SF:src\routes\sweets.ts
FN:21,(anonymous_0)
FN:54,(anonymous_1)
FN:68,(anonymous_2)
FN:108,(anonymous_3)
FN:145,(anonymous_4)
FNF:5
FNH:5
FNDA:34,(anonymous_0)
FNDA:1,(anonymous_1)
FNDA:3,(anonymous_2)
FNDA:2,(anonymous_3)
FNDA:2,(anonymous_4)
DA:1,3
DA:2,3
DA:3,3
DA:4,3
DA:5,3
DA:7,3
DA:10,3
DA:22,34
DA:23,34
DA:24,34
DA:25,2
DA:26,2
DA:29,32
DA:31,32
DA:38,32
DA:40,32
DA:45,0
DA:51,3
DA:55,1
DA:56,1
DA:57,1
DA:59,0
DA:65,3
DA:69,3
DA:70,3
DA:72,3
DA:74,3
DA:75,1
DA:78,3
DA:79,1
DA:82,3
DA:83,1
DA:84,1
DA:85,1
DA:88,3
DA:90,3
DA:92,0
DA:98,3
DA:109,2
DA:110,2
DA:111,2
DA:112,0
DA:113,0
DA:116,2
DA:117,2
DA:119,2
DA:125,2
DA:126,1
DA:127,1
DA:130,1
DA:135,0
DA:141,3
DA:146,2
DA:147,2
DA:149,2
DA:151,2
DA:152,1
DA:153,1
DA:156,1
DA:161,0
DA:166,3
LF:61
LH:54
BRDA:24,0,0,2
BRDA:74,1,0,1
BRDA:78,2,0,1
BRDA:82,3,0,1
BRDA:82,4,0,3
BRDA:82,4,1,2
BRDA:84,5,0,1
BRDA:85,6,0,1
BRDA:111,7,0,0
BRDA:125,8,0,1
BRDA:151,9,0,1
BRF:11
BRH:10
end_of_record
